  Task begin at  May 31,2023,15:47:27     
  I.D. generation random number seed=          100
  Wtmp=    1000.00000000000     
  Phmax, dWWmax=    180.000000000000       0.200000000000000     
  Phmax, dWWmax, pstat_q =    360.000000000000        1.00000000000000     
   1001.00000000000       0.000000000000000E+000  0.000000000000000E+000
  0.000000000000000E+000  0.000000000000000E+000  0.000000000000000E+000
  Hard-edge Quad with fields for SC calculations 
  Hard-edge Quad with fields for SC calculations 
  Hard-edge Quad with fields for SC calculations 
  bmag_t: gap, width, g_2, w_2=    13.0000000000000        8.00000000000000     
   5.85000000000000        4.00000000000000     
  bmag_t: Qdesign, Adesign, Wtmp =    1.00000000000000     
   7.00000000000000        999.999999999967     
  bmag_t: d_elem, dfrng=    76.2550000000000        13.0000820255002     
  bmag_t 1: xcl, zcl, csl, snl=    6.63188095866656        75.8027462232458     
  0.984807753012208       0.173648177666930     
  bmag_t: Bf (G), p (MeV/c), betgam   3501.05191007760     
   302.217495760911       4.634911944475120E-002
  move_to_end_t: u-out-1=   -6.63549197935716       0.000000000000000E+000
   76.5748299680453      -0.173154032546061       0.000000000000000E+000
  0.984894756313099     
  move_to_end_t: u-out-2=   -6.50372501574646       0.000000000000000E+000
   75.8253435737220      -0.173154032546061       0.000000000000000E+000
  0.984894756313099     
 
  --------------- First Step Done ----------------- 
 
  move_to_end_t: u-out-1=   -6.59546900508825       0.000000000000000E+000
   75.8255373230564      -0.172606879867425       0.000000000000000E+000
  0.984990794384614     
  move_to_end_t: u-out-2=   -6.59268623845206       0.000000000000000E+000
   75.8096573099209      -0.172606879867425       0.000000000000000E+000
  0.984990794384614     
 
  --------------- Second Step Done ----------------- 
 
  move_to_end_t: u-out-1=   -6.63025481189673       0.000000000000000E+000
   75.8223439738863      -0.172760600160113       0.000000000000000E+000
  0.984963844530507     
  move_to_end_t: u-out-2=   -6.62696931177497       0.000000000000000E+000
   75.8036122791125      -0.172760600160113       0.000000000000000E+000
  0.984963844530507     
 
  --------------- Third Step Done ----------------- 
 
  move_to_end_t: u-out-1=   -6.63025481189673       0.000000000000000E+000
   75.8223439738863      -0.172760600160113       0.000000000000000E+000
  0.984963844530507     
  move_to_end_t: u-out-2=   -6.62696931177497       0.000000000000000E+000
   75.8036122791125      -0.172760600160113       0.000000000000000E+000
  0.984963844530507     
 
  --------------- Last Step Done ----------------- 
 
  bmag_t 2: xcl, zcl, csl, snl=    6.62696931177496        75.8036122791125     
  0.984963844572656       0.172760599919810     
  bmag_t: pathl, d_elem=    76.2359823529567        76.2550000000000     
  
  curve_init_t: ref. part.=    76.2359823529567        6.62696805483353     
  0.000000000000000E+000   75.8036151287438       0.172753167597498     
  0.000000000000000E+000  0.984965148157553     
  curve_init_t: exit frame=    76.2550000000000        6.62696931177496     
  0.000000000000000E+000   75.8036122791125       0.172760599919810     
  0.000000000000000E+000  0.984963844572656     
  bmag_t 3: xcl, zcl, csl, snl=    6.62696931177496        75.8036122791125     
  0.984963844572656       0.172760599919810     
 ****************************************************
  RefPartSet_t steps: istep, btg, phasa, x, y, z, vx, vy, vz
    0   0.463491194E-01   0.000000000E+00   0.000000000E+00   0.000000000E+00   0.000000000E+00   0.000000000E+00   0.000000000E+00   0.100000000E+01
    1   0.463491194E-01   0.418432501E-01   0.979699474E-04   0.000000000E+00   0.762359815E+00   0.262376758E-03   0.000000000E+00   0.999999966E+00
    2   0.463491194E-01   0.836865002E-01   0.408676505E-03   0.000000000E+00   0.152471957E+01   0.558707534E-03   0.000000000E+00   0.999999844E+00
    3   0.463491194E-01   0.125529750E+00   0.959427993E-03   0.000000000E+00   0.228707919E+01   0.892770228E-03   0.000000000E+00   0.999999601E+00
    4   0.463491194E-01   0.167373000E+00   0.178051230E-02   0.000000000E+00   0.304943857E+01   0.126860050E-02   0.000000000E+00   0.999999195E+00
    5   0.463491194E-01   0.209216250E+00   0.290538481E-02   0.000000000E+00   0.381179756E+01   0.169046730E-02   0.000000000E+00   0.999998571E+00
    6   0.463491194E-01   0.251059501E+00   0.437083301E-02   0.000000000E+00   0.457415597E+01   0.216283608E-02   0.000000000E+00   0.999997661E+00
    7   0.463491194E-01   0.292902751E+00   0.621710802E-02   0.000000000E+00   0.533651355E+01   0.269031832E-02   0.000000000E+00   0.999996381E+00
    8   0.463491194E-01   0.334746001E+00   0.848801210E-02   0.000000000E+00   0.609886998E+01   0.327760668E-02   0.000000000E+00   0.999994629E+00
    9   0.463491194E-01   0.376589251E+00   0.112309311E-01   0.000000000E+00   0.686122485E+01   0.392939551E-02   0.000000000E+00   0.999992280E+00
   10   0.463491194E-01   0.418432501E+00   0.144968013E-01   0.000000000E+00   0.762357766E+01   0.465028798E-02   0.000000000E+00   0.999989187E+00
   11   0.463491194E-01   0.460275751E+00   0.183400006E-01   0.000000000E+00   0.838592778E+01   0.544469192E-02   0.000000000E+00   0.999985178E+00
   12   0.463491194E-01   0.502119001E+00   0.228181573E-01   0.000000000E+00   0.914827443E+01   0.631670793E-02   0.000000000E+00   0.999980049E+00
   13   0.463491194E-01   0.543962251E+00   0.279918725E-01   0.000000000E+00   0.991061667E+01   0.727001474E-02   0.000000000E+00   0.999973573E+00
   14   0.463491194E-01   0.585805501E+00   0.339243552E-01   0.000000000E+00   0.106729534E+02   0.830775752E-02   0.000000000E+00   0.999965490E+00
   15   0.463491194E-01   0.627648751E+00   0.406809759E-01   0.000000000E+00   0.114352832E+02   0.943244593E-02   0.000000000E+00   0.999955513E+00
   16   0.463491194E-01   0.669492001E+00   0.483287483E-01   0.000000000E+00   0.121976046E+02   0.106458684E-01   0.000000000E+00   0.999943331E+00
   17   0.463491194E-01   0.711335251E+00   0.569357534E-01   0.000000000E+00   0.129599158E+02   0.119490284E-01   0.000000000E+00   0.999928608E+00
   18   0.463491194E-01   0.753178502E+00   0.665705258E-01   0.000000000E+00   0.137222147E+02   0.133421080E-01   0.000000000E+00   0.999910990E+00
   19   0.463491194E-01   0.795021752E+00   0.773014222E-01   0.000000000E+00   0.144844989E+02   0.148244608E-01   0.000000000E+00   0.999890112E+00
   20   0.463491194E-01   0.836865002E+00   0.891959976E-01   0.000000000E+00   0.152467659E+02   0.163946350E-01   0.000000000E+00   0.999865599E+00
   21   0.463491194E-01   0.878708252E+00   0.102320408E+00   0.000000000E+00   0.160090126E+02   0.180504254E-01   0.000000000E+00   0.999837078E+00
   22   0.463491194E-01   0.920551502E+00   0.116738866E+00   0.000000000E+00   0.167712360E+02   0.197889491E-01   0.000000000E+00   0.999804180E+00
   23   0.463491194E-01   0.962394752E+00   0.132513156E+00   0.000000000E+00   0.175334325E+02   0.216067412E-01   0.000000000E+00   0.999766547E+00
   24   0.463491194E-01   0.100423800E+01   0.149702235E+00   0.000000000E+00   0.182955984E+02   0.234998629E-01   0.000000000E+00   0.999723840E+00
   25   0.463491194E-01   0.104608125E+01   0.168361912E+00   0.000000000E+00   0.190577297E+02   0.254640152E-01   0.000000000E+00   0.999675739E+00
   26   0.463491194E-01   0.108792450E+01   0.188544616E+00   0.000000000E+00   0.198198222E+02   0.274946530E-01   0.000000000E+00   0.999621951E+00
   27   0.463491194E-01   0.112976775E+01   0.210299255E+00   0.000000000E+00   0.205818714E+02   0.295870935E-01   0.000000000E+00   0.999562206E+00
   28   0.463491194E-01   0.117161100E+01   0.233671144E+00   0.000000000E+00   0.213438727E+02   0.317366143E-01   0.000000000E+00   0.999496267E+00
   29   0.463491194E-01   0.121345425E+01   0.258702010E+00   0.000000000E+00   0.221058214E+02   0.339385393E-01   0.000000000E+00   0.999423922E+00
   30   0.463491194E-01   0.125529750E+01   0.285430059E+00   0.000000000E+00   0.228677124E+02   0.361883108E-01   0.000000000E+00   0.999344989E+00
   31   0.463491194E-01   0.129714075E+01   0.313890081E+00   0.000000000E+00   0.236295406E+02   0.384815459E-01   0.000000000E+00   0.999259311E+00
   32   0.463491195E-01   0.133898400E+01   0.344153035E+00   0.000000000E+00   0.243912993E+02   0.409418192E-01   0.000000000E+00   0.999161532E+00
   33   0.463491195E-01   0.138082725E+01   0.376319288E+00   0.000000000E+00   0.251529801E+02   0.434469282E-01   0.000000000E+00   0.999055736E+00
   34   0.463491195E-01   0.142267050E+01   0.410401357E+00   0.000000000E+00   0.259145775E+02   0.459675355E-01   0.000000000E+00   0.998942934E+00
   35   0.463491195E-01   0.146451375E+01   0.446410390E+00   0.000000000E+00   0.266760862E+02   0.485019129E-01   0.000000000E+00   0.998823090E+00
   36   0.463491195E-01   0.150635700E+01   0.484356269E+00   0.000000000E+00   0.274375009E+02   0.510484661E-01   0.000000000E+00   0.998696177E+00
   37   0.463491195E-01   0.154820025E+01   0.524247710E+00   0.000000000E+00   0.281988161E+02   0.536057311E-01   0.000000000E+00   0.998562179E+00
   38   0.463491195E-01   0.159004350E+01   0.566092361E+00   0.000000000E+00   0.289600264E+02   0.561723684E-01   0.000000000E+00   0.998421086E+00
   39   0.463491195E-01   0.163188675E+01   0.609896894E+00   0.000000000E+00   0.297211265E+02   0.587471562E-01   0.000000000E+00   0.998272894E+00
   40   0.463491195E-01   0.167373000E+01   0.655667092E+00   0.000000000E+00   0.304821109E+02   0.613289808E-01   0.000000000E+00   0.998117606E+00
   41   0.463491195E-01   0.171557325E+01   0.703407926E+00   0.000000000E+00   0.312429742E+02   0.639168279E-01   0.000000000E+00   0.997955229E+00
   42   0.463491195E-01   0.175741650E+01   0.753123629E+00   0.000000000E+00   0.320037111E+02   0.665097727E-01   0.000000000E+00   0.997785774E+00
   43   0.463491195E-01   0.179925975E+01   0.804817763E+00   0.000000000E+00   0.327643160E+02   0.691069696E-01   0.000000000E+00   0.997609256E+00
   44   0.463491195E-01   0.184110300E+01   0.858493267E+00   0.000000000E+00   0.335247837E+02   0.717076426E-01   0.000000000E+00   0.997425693E+00
   45   0.463491195E-01   0.188294625E+01   0.914152515E+00   0.000000000E+00   0.342851088E+02   0.743110755E-01   0.000000000E+00   0.997235110E+00
   46   0.463491195E-01   0.192478950E+01   0.971797355E+00   0.000000000E+00   0.350452859E+02   0.769166022E-01   0.000000000E+00   0.997037530E+00
   47   0.463491195E-01   0.196663275E+01   0.103142914E+01   0.000000000E+00   0.358053097E+02   0.795235976E-01   0.000000000E+00   0.996832984E+00
   48   0.463491195E-01   0.200847600E+01   0.109304877E+01   0.000000000E+00   0.365651750E+02   0.821314687E-01   0.000000000E+00   0.996621504E+00
   49   0.463491195E-01   0.205031925E+01   0.115665668E+01   0.000000000E+00   0.373248764E+02   0.847396454E-01   0.000000000E+00   0.996403127E+00
   50   0.463491195E-01   0.209216250E+01   0.122225291E+01   0.000000000E+00   0.380844087E+02   0.873475724E-01   0.000000000E+00   0.996177897E+00
   51   0.463491195E-01   0.213400575E+01   0.128983704E+01   0.000000000E+00   0.388437666E+02   0.899547001E-01   0.000000000E+00   0.995945858E+00
   52   0.463491195E-01   0.217584900E+01   0.135940826E+01   0.000000000E+00   0.396029452E+02   0.925604771E-01   0.000000000E+00   0.995707064E+00
   53   0.463491195E-01   0.221769225E+01   0.143096533E+01   0.000000000E+00   0.403619391E+02   0.951643409E-01   0.000000000E+00   0.995461575E+00
   54   0.463491195E-01   0.225953550E+01   0.150450657E+01   0.000000000E+00   0.411207433E+02   0.977657099E-01   0.000000000E+00   0.995209458E+00
   55   0.463491195E-01   0.230137875E+01   0.158002984E+01   0.000000000E+00   0.418793528E+02   0.100363975E+00   0.000000000E+00   0.994950789E+00
   56   0.463491195E-01   0.234322200E+01   0.165753254E+01   0.000000000E+00   0.426377627E+02   0.102958490E+00   0.000000000E+00   0.994685654E+00
   57   0.463491195E-01   0.238506526E+01   0.173701155E+01   0.000000000E+00   0.433959680E+02   0.105548565E+00   0.000000000E+00   0.994414149E+00
   58   0.463491195E-01   0.242690851E+01   0.181846319E+01   0.000000000E+00   0.441539639E+02   0.108133453E+00   0.000000000E+00   0.994136387E+00
   59   0.463491195E-01   0.246875176E+01   0.190188323E+01   0.000000000E+00   0.449117457E+02   0.110712346E+00   0.000000000E+00   0.993852492E+00
   60   0.463491195E-01   0.251059501E+01   0.198726674E+01   0.000000000E+00   0.456693088E+02   0.113284361E+00   0.000000000E+00   0.993562607E+00
   61   0.463491195E-01   0.255243826E+01   0.207460812E+01   0.000000000E+00   0.464266486E+02   0.115848534E+00   0.000000000E+00   0.993266891E+00
   62   0.463491195E-01   0.259428151E+01   0.216390101E+01   0.000000000E+00   0.471837609E+02   0.118403808E+00   0.000000000E+00   0.992965527E+00
   63   0.463491195E-01   0.263612476E+01   0.225513818E+01   0.000000000E+00   0.479406413E+02   0.120949027E+00   0.000000000E+00   0.992658719E+00
   64   0.463491195E-01   0.267796801E+01   0.234831149E+01   0.000000000E+00   0.486972858E+02   0.123482925E+00   0.000000000E+00   0.992346697E+00
   65   0.463491195E-01   0.271981126E+01   0.244341180E+01   0.000000000E+00   0.494536905E+02   0.126004121E+00   0.000000000E+00   0.992029718E+00
   66   0.463491195E-01   0.276165451E+01   0.254042885E+01   0.000000000E+00   0.502098518E+02   0.128511112E+00   0.000000000E+00   0.991708069E+00
   67   0.463491195E-01   0.280349776E+01   0.263935119E+01   0.000000000E+00   0.509657662E+02   0.131002271E+00   0.000000000E+00   0.991382068E+00
   68   0.463491195E-01   0.284534101E+01   0.274016611E+01   0.000000000E+00   0.517214305E+02   0.133475845E+00   0.000000000E+00   0.991052067E+00
   69   0.463491195E-01   0.288718426E+01   0.284281707E+01   0.000000000E+00   0.524768476E+02   0.135789136E+00   0.000000000E+00   0.990737761E+00
   70   0.463491195E-01   0.292902751E+01   0.294719574E+01   0.000000000E+00   0.532320280E+02   0.138033962E+00   0.000000000E+00   0.990427496E+00
   71   0.463491195E-01   0.297087076E+01   0.305326837E+01   0.000000000E+00   0.539869722E+02   0.140232404E+00   0.000000000E+00   0.990118616E+00
   72   0.463491195E-01   0.301271401E+01   0.316099797E+01   0.000000000E+00   0.547416819E+02   0.142380155E+00   0.000000000E+00   0.989812049E+00
   73   0.463491195E-01   0.305455726E+01   0.327034419E+01   0.000000000E+00   0.554961590E+02   0.144472782E+00   0.000000000E+00   0.989508775E+00
   74   0.463491195E-01   0.309640051E+01   0.338126331E+01   0.000000000E+00   0.562504064E+02   0.146505794E+00   0.000000000E+00   0.989209812E+00
   75   0.463491195E-01   0.313824376E+01   0.349370816E+01   0.000000000E+00   0.570044280E+02   0.148474711E+00   0.000000000E+00   0.988916205E+00
   76   0.463491195E-01   0.318008701E+01   0.360762821E+01   0.000000000E+00   0.577582280E+02   0.150375161E+00   0.000000000E+00   0.988629006E+00
   77   0.463491195E-01   0.322193026E+01   0.372296966E+01   0.000000000E+00   0.585118119E+02   0.152202970E+00   0.000000000E+00   0.988349258E+00
   78   0.463491195E-01   0.326377351E+01   0.383967563E+01   0.000000000E+00   0.592651857E+02   0.153954274E+00   0.000000000E+00   0.988077973E+00
   79   0.463491195E-01   0.330561676E+01   0.395768644E+01   0.000000000E+00   0.600183562E+02   0.155625618E+00   0.000000000E+00   0.987816110E+00
   80   0.463491195E-01   0.334746001E+01   0.407693999E+01   0.000000000E+00   0.607713310E+02   0.157214065E+00   0.000000000E+00   0.987564549E+00
   81   0.463491195E-01   0.338930326E+01   0.419737215E+01   0.000000000E+00   0.615241181E+02   0.158717287E+00   0.000000000E+00   0.987324072E+00
   82   0.463491195E-01   0.343114651E+01   0.431891727E+01   0.000000000E+00   0.622767264E+02   0.160133640E+00   0.000000000E+00   0.987095344E+00
   83   0.463491195E-01   0.347298976E+01   0.444150875E+01   0.000000000E+00   0.630291649E+02   0.161462226E+00   0.000000000E+00   0.986878893E+00
   84   0.463491195E-01   0.351483301E+01   0.456507956E+01   0.000000000E+00   0.637814432E+02   0.162702922E+00   0.000000000E+00   0.986675103E+00
   85   0.463491195E-01   0.355667626E+01   0.468956291E+01   0.000000000E+00   0.645335711E+02   0.163856385E+00   0.000000000E+00   0.986484204E+00
   86   0.463491195E-01   0.359851951E+01   0.481489279E+01   0.000000000E+00   0.652855584E+02   0.164924031E+00   0.000000000E+00   0.986306273E+00
   87   0.463491195E-01   0.364036276E+01   0.494100455E+01   0.000000000E+00   0.660374149E+02   0.165907985E+00   0.000000000E+00   0.986141238E+00
   88   0.463491195E-01   0.368220601E+01   0.506783539E+01   0.000000000E+00   0.667891505E+02   0.166811010E+00   0.000000000E+00   0.985988888E+00
   89   0.463491195E-01   0.372404926E+01   0.519532485E+01   0.000000000E+00   0.675407747E+02   0.167636420E+00   0.000000000E+00   0.985848888E+00
   90   0.463491195E-01   0.376589251E+01   0.532341516E+01   0.000000000E+00   0.682922967E+02   0.168387976E+00   0.000000000E+00   0.985720797E+00
   91   0.463491195E-01   0.380773576E+01   0.545205157E+01   0.000000000E+00   0.690437255E+02   0.169069786E+00   0.000000000E+00   0.985604083E+00
   92   0.463491195E-01   0.384957901E+01   0.558118256E+01   0.000000000E+00   0.697950694E+02   0.169686194E+00   0.000000000E+00   0.985498146E+00
   93   0.463491195E-01   0.389142226E+01   0.571075997E+01   0.000000000E+00   0.705463364E+02   0.170241680E+00   0.000000000E+00   0.985402339E+00
   94   0.463491195E-01   0.393326551E+01   0.584073907E+01   0.000000000E+00   0.712975341E+02   0.170740771E+00   0.000000000E+00   0.985315984E+00
   95   0.463491195E-01   0.397510876E+01   0.597107859E+01   0.000000000E+00   0.720486693E+02   0.171187954E+00   0.000000000E+00   0.985238390E+00
   96   0.463491195E-01   0.401695201E+01   0.610174063E+01   0.000000000E+00   0.727997485E+02   0.171587613E+00   0.000000000E+00   0.985168864E+00
   97   0.463491195E-01   0.405879526E+01   0.623269059E+01   0.000000000E+00   0.735507775E+02   0.171943972E+00   0.000000000E+00   0.985106730E+00
   98   0.463491195E-01   0.410063851E+01   0.636389700E+01   0.000000000E+00   0.743017618E+02   0.172261054E+00   0.000000000E+00   0.985051333E+00
   99   0.463491195E-01   0.414248176E+01   0.649533139E+01   0.000000000E+00   0.750527062E+02   0.172542649E+00   0.000000000E+00   0.985002048E+00
  100   0.463491195E-01   0.418432501E+01   0.662696805E+01   0.000000000E+00   0.758036151E+02   0.172753168E+00   0.000000000E+00   0.984965148E+00
  RefPartSet_t: btg, btgo, x, y, z, vx, vy, vz=   4.634911944475090E-002
  4.634911951478397E-002   6.62696805483353       0.000000000000000E+000
   75.8036151287438       0.172753167597498       0.000000000000000E+000
  0.984965148157553     
  RefPartSet_t: env_gr(12-13,nstep)=    4.18432500880836     
   1000.00000302035     
  RefPartSet_t: phasa, Wtmp_out=    4.18536882058429     
   999.999999999967     
  bmag_t: gap, width, g_2, w_2=    4.00000000000000        5.00000000000000     
   1.80000000000000        2.50000000000000     
  bmag_t: Qdesign, Adesign, Wtmp =    1.00000000000000     
   7.00000000000000        1000.00000302035     
  bmag_t: d_elem, dfrng=    181.080000000000        12.0001836602552     
  bmag_t 1: xcl, zcl, csl, snl=    112.000183660255        112.000183660255     
  6.123233995736766E-017   1.00000000000000     
  bmag_t: Bf (G), p (MeV/c), betgam   10080.8938745908     
   302.217496217568       4.634911951478572E-002
  move_to_end_t: u-out-1=   -112.904983597089       0.000000000000000E+000
   112.048010527479      -0.999999998550314       0.000000000000000E+000
 -5.384581404317449E-005
  move_to_end_t: u-out-2=   -112.000183660255       0.000000000000000E+000
   112.048059247169      -0.999999998626516       0.000000000000000E+000
 -5.241153174010738E-005
 
  --------------- First Step Done ----------------- 
 
  move_to_end_t: u-out-1=   -112.052727349441       0.000000000000000E+000
   112.042891425967      -0.999999998997293       0.000000000000000E+000
 -4.478186185573081E-005
  move_to_end_t: u-out-2=   -112.000183660255       0.000000000000000E+000
   112.042893778972      -0.999999999001124       0.000000000000000E+000
 -4.469622702781166E-005
 
  --------------- Second Step Done ----------------- 
 
  move_to_end_t: u-out-1=   -112.095862087583       0.000000000000000E+000
   111.999672971827      -0.999999998929871       0.000000000000000E+000
 -4.626291764422656E-005
  move_to_end_t: u-out-2=   -112.000183660255       0.000000000000000E+000
   111.999677398190      -0.999999998937073       0.000000000000000E+000
 -4.610698253982736E-005
 
  --------------- Third Step Done ----------------- 
 
  move_to_end_t: u-out-1=   -112.095862087583       0.000000000000000E+000
   111.999672971827      -0.999999998929871       0.000000000000000E+000
 -4.626291764422656E-005
  move_to_end_t: u-out-2=   -112.000183660255       0.000000000000000E+000
   111.999677398190      -0.999999998937073       0.000000000000000E+000
 -4.610698253982736E-005
 
  --------------- Last Step Done ----------------- 
 
  bmag_t 2: xcl, zcl, csl, snl=    112.000183660255        111.999677398190     
 -4.610698257260302E-005  0.999999998937073     
  bmag_t: pathl, d_elem=    180.984321572633        181.080000000000     
  
  curve_init_t: ref. part.=    180.984321572633        111.999691744788     
  0.000000000000000E+000   112.000256183034       0.999999998969309     
  0.000000000000000E+000 -4.540244185264210E-005
  curve_init_t: exit frame=    181.080000000000        112.000183660255     
  0.000000000000000E+000   111.999677398190       0.999999998937073     
  0.000000000000000E+000 -4.610698257260302E-005
  bmag_t 3: xcl, zcl, csl, snl=    112.000183660255        111.999677398190     
 -4.610698257260302E-005  0.999999998937073     
 ****************************************************
  RefPartSet_t steps: istep, btg, phasa, x, y, z, vx, vy, vz
    0   0.463491195E-01   0.000000000E+00   0.000000000E+00   0.000000000E+00   0.000000000E+00   0.000000000E+00   0.000000000E+00   0.100000000E+01
    1   0.463491195E-01   0.496679651E-01   0.478941457E-05   0.000000000E+00   0.904921608E+00   0.115984891E-04   0.000000000E+00   0.100000000E+01
    2   0.463491195E-01   0.993359302E-01   0.233736475E-04   0.000000000E+00   0.180984322E+01   0.311846775E-04   0.000000000E+00   0.100000000E+01
    3   0.463491195E-01   0.149003895E+00   0.652457667E-04   0.000000000E+00   0.271476482E+01   0.642389872E-04   0.000000000E+00   0.999999998E+00
    4   0.463491195E-01   0.198671860E+00   0.146398815E-03   0.000000000E+00   0.361968643E+01   0.119964089E-03   0.000000000E+00   0.999999993E+00
    5   0.463491195E-01   0.248339825E+00   0.293716175E-03   0.000000000E+00   0.452460802E+01   0.213743685E-03   0.000000000E+00   0.999999977E+00
    6   0.463491195E-01   0.298007790E+00   0.552217864E-03   0.000000000E+00   0.542952959E+01   0.371100236E-03   0.000000000E+00   0.999999931E+00
    7   0.463491195E-01   0.347675756E+00   0.996824748E-03   0.000000000E+00   0.633445109E+01   0.633843110E-03   0.000000000E+00   0.999999799E+00
    8   0.463491195E-01   0.397343721E+00   0.175092794E-02   0.000000000E+00   0.723937237E+01   0.106902666E-02   0.000000000E+00   0.999999429E+00
    9   0.463491195E-01   0.447011686E+00   0.301431824E-02   0.000000000E+00   0.814429308E+01   0.178048515E-02   0.000000000E+00   0.999998415E+00
   10   0.463491195E-01   0.496679651E+00   0.510178713E-02   0.000000000E+00   0.904921224E+01   0.292001484E-02   0.000000000E+00   0.999995737E+00
   11   0.463491195E-01   0.546347616E+00   0.848876485E-02   0.000000000E+00   0.995412739E+01   0.468975138E-02   0.000000000E+00   0.999989003E+00
   12   0.463491195E-01   0.596015581E+00   0.138497007E-01   0.000000000E+00   0.108590329E+02   0.732111665E-02   0.000000000E+00   0.999973200E+00
   13   0.463491195E-01   0.645683546E+00   0.220619260E-01   0.000000000E+00   0.117639167E+02   0.110192245E-01   0.000000000E+00   0.999939287E+00
   14   0.463491195E-01   0.695351511E+00   0.341477447E-01   0.000000000E+00   0.126687567E+02   0.158876278E-01   0.000000000E+00   0.999873784E+00
   15   0.463491195E-01   0.745019476E+00   0.511572210E-01   0.000000000E+00   0.135735171E+02   0.218815502E-01   0.000000000E+00   0.999760570E+00
   16   0.463491195E-01   0.794687441E+00   0.740381228E-01   0.000000000E+00   0.144781475E+02   0.288285592E-01   0.000000000E+00   0.999584371E+00
   17   0.463491195E-01   0.844355406E+00   0.103550363E+00   0.000000000E+00   0.153825856E+02   0.364987794E-01   0.000000000E+00   0.999333698E+00
   18   0.463491195E-01   0.894023371E+00   0.140246519E+00   0.000000000E+00   0.162867603E+02   0.446727044E-01   0.000000000E+00   0.999001676E+00
   19   0.463491195E-01   0.943691336E+00   0.184499709E+00   0.000000000E+00   0.171905965E+02   0.531761915E-01   0.000000000E+00   0.998585145E+00
   20   0.463491195E-01   0.993359302E+00   0.236548753E+00   0.000000000E+00   0.180940171E+02   0.618858566E-01   0.000000000E+00   0.998083233E+00
   21   0.463491195E-01   0.104302727E+01   0.296540618E+00   0.000000000E+00   0.189969449E+02   0.707201169E-01   0.000000000E+00   0.997496198E+00
   22   0.463491195E-01   0.109269523E+01   0.364562798E+00   0.000000000E+00   0.198993033E+02   0.796271932E-01   0.000000000E+00   0.996824714E+00
   23   0.463491195E-01   0.114236320E+01   0.440665473E+00   0.000000000E+00   0.208010161E+02   0.885749525E-01   0.000000000E+00   0.996069515E+00
   24   0.463491195E-01   0.119203116E+01   0.524875796E+00   0.000000000E+00   0.217020079E+02   0.975436454E-01   0.000000000E+00   0.995231248E+00
   25   0.463491195E-01   0.124169913E+01   0.617206773E+00   0.000000000E+00   0.226022038E+02   0.106521128E+00   0.000000000E+00   0.994310439E+00
   26   0.463491195E-01   0.129136709E+01   0.717662678E+00   0.000000000E+00   0.235015292E+02   0.115499855E+00   0.000000000E+00   0.993307497E+00
   27   0.463491195E-01   0.134103506E+01   0.826242314E+00   0.000000000E+00   0.243999099E+02   0.124476136E+00   0.000000000E+00   0.992222602E+00
   28   0.463491195E-01   0.139070302E+01   0.942944466E+00   0.000000000E+00   0.252972717E+02   0.133449753E+00   0.000000000E+00   0.991055580E+00
   29   0.463491195E-01   0.144037099E+01   0.106776215E+01   0.000000000E+00   0.261935407E+02   0.142412443E+00   0.000000000E+00   0.989807404E+00
   30   0.463491195E-01   0.149003895E+01   0.120068514E+01   0.000000000E+00   0.270886435E+02   0.151363471E+00   0.000000000E+00   0.988478174E+00
   31   0.463491195E-01   0.153970692E+01   0.134170256E+01   0.000000000E+00   0.279825068E+02   0.160302104E+00   0.000000000E+00   0.987067999E+00
   32   0.463491195E-01   0.158937488E+01   0.149080286E+01   0.000000000E+00   0.288750574E+02   0.169227610E+00   0.000000000E+00   0.985576996E+00
   33   0.463491195E-01   0.163904285E+01   0.164797382E+01   0.000000000E+00   0.297662223E+02   0.178139259E+00   0.000000000E+00   0.984005287E+00
   34   0.463491195E-01   0.168871081E+01   0.181320259E+01   0.000000000E+00   0.306559284E+02   0.187036320E+00   0.000000000E+00   0.982352999E+00
   35   0.463491195E-01   0.173837878E+01   0.198647562E+01   0.000000000E+00   0.315441029E+02   0.195918066E+00   0.000000000E+00   0.980620269E+00
   36   0.463491195E-01   0.178804674E+01   0.216777873E+01   0.000000000E+00   0.324306731E+02   0.204783768E+00   0.000000000E+00   0.978807238E+00
   37   0.463491195E-01   0.183771471E+01   0.235709707E+01   0.000000000E+00   0.333155664E+02   0.213632700E+00   0.000000000E+00   0.976914054E+00
   38   0.463491195E-01   0.188738267E+01   0.255441515E+01   0.000000000E+00   0.341987102E+02   0.222464139E+00   0.000000000E+00   0.974940874E+00
   39   0.463491195E-01   0.193705064E+01   0.275971679E+01   0.000000000E+00   0.350800324E+02   0.231277361E+00   0.000000000E+00   0.972887857E+00
   40   0.463491195E-01   0.198671860E+01   0.297298520E+01   0.000000000E+00   0.359594607E+02   0.240071644E+00   0.000000000E+00   0.970755173E+00
   41   0.463491195E-01   0.203638657E+01   0.319420290E+01   0.000000000E+00   0.368369231E+02   0.248846267E+00   0.000000000E+00   0.968542996E+00
   42   0.463491195E-01   0.208605453E+01   0.342335178E+01   0.000000000E+00   0.377123478E+02   0.257600514E+00   0.000000000E+00   0.966251507E+00
   43   0.463491195E-01   0.213572250E+01   0.366041308E+01   0.000000000E+00   0.385856630E+02   0.266333666E+00   0.000000000E+00   0.963880894E+00
   44   0.463491195E-01   0.218539046E+01   0.390536738E+01   0.000000000E+00   0.394567972E+02   0.275045009E+00   0.000000000E+00   0.961431351E+00
   45   0.463491195E-01   0.223505843E+01   0.415819463E+01   0.000000000E+00   0.403256792E+02   0.283733829E+00   0.000000000E+00   0.958903079E+00
   46   0.463491195E-01   0.228472639E+01   0.441887412E+01   0.000000000E+00   0.411922378E+02   0.292399414E+00   0.000000000E+00   0.956296284E+00
   47   0.463491195E-01   0.233439436E+01   0.468738450E+01   0.000000000E+00   0.420564020E+02   0.301041056E+00   0.000000000E+00   0.953611180E+00
   48   0.463491195E-01   0.238406232E+01   0.496370379E+01   0.000000000E+00   0.429181010E+02   0.309658046E+00   0.000000000E+00   0.950847987E+00
   49   0.463491195E-01   0.243373029E+01   0.524780937E+01   0.000000000E+00   0.437772642E+02   0.318249679E+00   0.000000000E+00   0.948006931E+00
   50   0.463491195E-01   0.248339825E+01   0.553967795E+01   0.000000000E+00   0.446338215E+02   0.326815251E+00   0.000000000E+00   0.945088245E+00
   51   0.463491195E-01   0.253306622E+01   0.583928566E+01   0.000000000E+00   0.454877024E+02   0.335354061E+00   0.000000000E+00   0.942092168E+00
   52   0.463491195E-01   0.258273418E+01   0.614660794E+01   0.000000000E+00   0.463388373E+02   0.343865409E+00   0.000000000E+00   0.939018946E+00
   53   0.463491195E-01   0.263240215E+01   0.646161964E+01   0.000000000E+00   0.471871563E+02   0.352348600E+00   0.000000000E+00   0.935868829E+00
   54   0.463491195E-01   0.268207011E+01   0.678429496E+01   0.000000000E+00   0.480325900E+02   0.360802937E+00   0.000000000E+00   0.932642075E+00
   55   0.463491195E-01   0.273173808E+01   0.711460748E+01   0.000000000E+00   0.488750692E+02   0.369227729E+00   0.000000000E+00   0.929338950E+00
   56   0.463491195E-01   0.278140604E+01   0.745253014E+01   0.000000000E+00   0.497145249E+02   0.377622285E+00   0.000000000E+00   0.925959724E+00
   57   0.463491195E-01   0.283107401E+01   0.779803528E+01   0.000000000E+00   0.505508883E+02   0.385985919E+00   0.000000000E+00   0.922504672E+00
   58   0.463491195E-01   0.288074197E+01   0.815109461E+01   0.000000000E+00   0.513840909E+02   0.394317946E+00   0.000000000E+00   0.918974079E+00
   59   0.463491195E-01   0.293040994E+01   0.851167920E+01   0.000000000E+00   0.522140646E+02   0.402617682E+00   0.000000000E+00   0.915368233E+00
   60   0.463491195E-01   0.298007790E+01   0.887975954E+01   0.000000000E+00   0.530407413E+02   0.410884449E+00   0.000000000E+00   0.911687430E+00
   61   0.463491195E-01   0.302974587E+01   0.925530548E+01   0.000000000E+00   0.538640534E+02   0.419117570E+00   0.000000000E+00   0.907931970E+00
   62   0.463491195E-01   0.307941383E+01   0.963828628E+01   0.000000000E+00   0.546839334E+02   0.427316370E+00   0.000000000E+00   0.904102162E+00
   63   0.463491195E-01   0.312908180E+01   0.100286706E+02   0.000000000E+00   0.555003142E+02   0.435480178E+00   0.000000000E+00   0.900198319E+00
   64   0.463491195E-01   0.317874976E+01   0.104264264E+02   0.000000000E+00   0.563131290E+02   0.443608326E+00   0.000000000E+00   0.896220761E+00
   65   0.463491195E-01   0.322841773E+01   0.108315211E+02   0.000000000E+00   0.571223111E+02   0.451700148E+00   0.000000000E+00   0.892169814E+00
   66   0.463491195E-01   0.327808570E+01   0.112439217E+02   0.000000000E+00   0.579277944E+02   0.459754981E+00   0.000000000E+00   0.888045808E+00
   67   0.463491195E-01   0.332775366E+01   0.116635942E+02   0.000000000E+00   0.587295129E+02   0.467772165E+00   0.000000000E+00   0.883849083E+00
   68   0.463491195E-01   0.337742163E+01   0.120905044E+02   0.000000000E+00   0.595274009E+02   0.475751045E+00   0.000000000E+00   0.879579981E+00
   69   0.463491195E-01   0.342708959E+01   0.125246173E+02   0.000000000E+00   0.603213930E+02   0.483690966E+00   0.000000000E+00   0.875238853E+00
   70   0.463491195E-01   0.347675756E+01   0.129658973E+02   0.000000000E+00   0.611114243E+02   0.491591280E+00   0.000000000E+00   0.870826053E+00
   71   0.463491195E-01   0.352642552E+01   0.134143083E+02   0.000000000E+00   0.618974301E+02   0.499451338E+00   0.000000000E+00   0.866341943E+00
   72   0.463491195E-01   0.357609349E+01   0.138698135E+02   0.000000000E+00   0.626793460E+02   0.507270497E+00   0.000000000E+00   0.861786890E+00
   73   0.463491195E-01   0.362576145E+01   0.143323758E+02   0.000000000E+00   0.634571080E+02   0.515048116E+00   0.000000000E+00   0.857161267E+00
   74   0.463491195E-01   0.367542942E+01   0.148019571E+02   0.000000000E+00   0.642306524E+02   0.522783560E+00   0.000000000E+00   0.852465454E+00
   75   0.463491195E-01   0.372509738E+01   0.152785192E+02   0.000000000E+00   0.649999158E+02   0.530476194E+00   0.000000000E+00   0.847699833E+00
   76   0.463491195E-01   0.377476535E+01   0.157620228E+02   0.000000000E+00   0.657648352E+02   0.538125388E+00   0.000000000E+00   0.842864797E+00
   77   0.463491195E-01   0.382443331E+01   0.162524284E+02   0.000000000E+00   0.665253481E+02   0.545730517E+00   0.000000000E+00   0.837960741E+00
   78   0.463491195E-01   0.387410128E+01   0.167496960E+02   0.000000000E+00   0.672813921E+02   0.553290957E+00   0.000000000E+00   0.832988065E+00
   79   0.463491195E-01   0.392376924E+01   0.172537847E+02   0.000000000E+00   0.680329053E+02   0.560806089E+00   0.000000000E+00   0.827947178E+00
   80   0.463491195E-01   0.397343721E+01   0.177646532E+02   0.000000000E+00   0.687798262E+02   0.568275298E+00   0.000000000E+00   0.822838493E+00
   81   0.463491195E-01   0.402310517E+01   0.182822598E+02   0.000000000E+00   0.695220936E+02   0.575697973E+00   0.000000000E+00   0.817662427E+00
   82   0.463491195E-01   0.407277314E+01   0.188065621E+02   0.000000000E+00   0.702596468E+02   0.583073504E+00   0.000000000E+00   0.812419404E+00
   83   0.463491195E-01   0.412244110E+01   0.193375170E+02   0.000000000E+00   0.709924253E+02   0.590401289E+00   0.000000000E+00   0.807109855E+00
   84   0.463491195E-01   0.417210907E+01   0.198750813E+02   0.000000000E+00   0.717203692E+02   0.597680728E+00   0.000000000E+00   0.801734212E+00
   85   0.463491195E-01   0.422177703E+01   0.204192107E+02   0.000000000E+00   0.724434187E+02   0.604911224E+00   0.000000000E+00   0.796292918E+00
   86   0.463491195E-01   0.427144500E+01   0.209698608E+02   0.000000000E+00   0.731615148E+02   0.612092185E+00   0.000000000E+00   0.790786417E+00
   87   0.463491195E-01   0.432111296E+01   0.215269865E+02   0.000000000E+00   0.738745986E+02   0.619223023E+00   0.000000000E+00   0.785215160E+00
   88   0.463491195E-01   0.437078093E+01   0.220905421E+02   0.000000000E+00   0.745826118E+02   0.626303154E+00   0.000000000E+00   0.779579604E+00
   89   0.463491195E-01   0.442044889E+01   0.226604815E+02   0.000000000E+00   0.752854962E+02   0.633331999E+00   0.000000000E+00   0.773880210E+00
   90   0.463491195E-01   0.447011686E+01   0.232367581E+02   0.000000000E+00   0.759831945E+02   0.640308981E+00   0.000000000E+00   0.768117444E+00
   91   0.463491195E-01   0.451978482E+01   0.238193246E+02   0.000000000E+00   0.766756494E+02   0.647233530E+00   0.000000000E+00   0.762291779E+00
   92   0.463491195E-01   0.456945279E+01   0.244081333E+02   0.000000000E+00   0.773628043E+02   0.654105079E+00   0.000000000E+00   0.756403692E+00
   93   0.463491195E-01   0.461912075E+01   0.250031360E+02   0.000000000E+00   0.780446028E+02   0.660923065E+00   0.000000000E+00   0.750453665E+00
   94   0.463491195E-01   0.466878872E+01   0.256042841E+02   0.000000000E+00   0.787209892E+02   0.667686928E+00   0.000000000E+00   0.744442184E+00
   95   0.463491195E-01   0.471845668E+01   0.262115282E+02   0.000000000E+00   0.793919081E+02   0.674396117E+00   0.000000000E+00   0.738369743E+00
   96   0.463491195E-01   0.476812465E+01   0.268248187E+02   0.000000000E+00   0.800573044E+02   0.681050081E+00   0.000000000E+00   0.732236838E+00
   97   0.463491195E-01   0.481779261E+01   0.274441053E+02   0.000000000E+00   0.807171239E+02   0.687648275E+00   0.000000000E+00   0.726043973E+00
   98   0.463491195E-01   0.486746058E+01   0.280693372E+02   0.000000000E+00   0.813713123E+02   0.694190159E+00   0.000000000E+00   0.719791653E+00
   99   0.463491195E-01   0.491712854E+01   0.287004635E+02   0.000000000E+00   0.820198161E+02   0.700675197E+00   0.000000000E+00   0.713480391E+00
  100   0.463491195E-01   0.496679651E+01   0.293374322E+02   0.000000000E+00   0.826625823E+02   0.707102859E+00   0.000000000E+00   0.707110703E+00
  101   0.463491195E-01   0.501646447E+01   0.299801913E+02   0.000000000E+00   0.832995582E+02   0.713472618E+00   0.000000000E+00   0.700683112E+00
  102   0.463491195E-01   0.506613244E+01   0.306286881E+02   0.000000000E+00   0.839306916E+02   0.719783952E+00   0.000000000E+00   0.694198144E+00
  103   0.463491195E-01   0.511580040E+01   0.312828696E+02   0.000000000E+00   0.845559308E+02   0.726036344E+00   0.000000000E+00   0.687656329E+00
  104   0.463491195E-01   0.516546837E+01   0.319426822E+02   0.000000000E+00   0.851752247E+02   0.732229283E+00   0.000000000E+00   0.681058203E+00
  105   0.463491195E-01   0.521513633E+01   0.326080717E+02   0.000000000E+00   0.857885226E+02   0.738362262E+00   0.000000000E+00   0.674404308E+00
  106   0.463491195E-01   0.526480430E+01   0.332789839E+02   0.000000000E+00   0.863957741E+02   0.744434777E+00   0.000000000E+00   0.667695187E+00
  107   0.463491195E-01   0.531447226E+01   0.339553636E+02   0.000000000E+00   0.869969297E+02   0.750446333E+00   0.000000000E+00   0.660931389E+00
  108   0.463491195E-01   0.536414023E+01   0.346371555E+02   0.000000000E+00   0.875919400E+02   0.756396436E+00   0.000000000E+00   0.654113470E+00
  109   0.463491195E-01   0.541380819E+01   0.353243039E+02   0.000000000E+00   0.881807563E+02   0.762284600E+00   0.000000000E+00   0.647241987E+00
  110   0.463491195E-01   0.546347616E+01   0.360167523E+02   0.000000000E+00   0.887633305E+02   0.768110341E+00   0.000000000E+00   0.640317502E+00
  111   0.463491195E-01   0.551314412E+01   0.367144442E+02   0.000000000E+00   0.893396148E+02   0.773873184E+00   0.000000000E+00   0.633340583E+00
  112   0.463491195E-01   0.556281209E+01   0.374173223E+02   0.000000000E+00   0.899095620E+02   0.779572657E+00   0.000000000E+00   0.626311802E+00
  113   0.463491195E-01   0.561248005E+01   0.381253292E+02   0.000000000E+00   0.904731255E+02   0.785208291E+00   0.000000000E+00   0.619231733E+00
  114   0.463491195E-01   0.566214802E+01   0.388384068E+02   0.000000000E+00   0.910302591E+02   0.790779627E+00   0.000000000E+00   0.612100957E+00
  115   0.463491195E-01   0.571181598E+01   0.395564968E+02   0.000000000E+00   0.915809172E+02   0.796286208E+00   0.000000000E+00   0.604920057E+00
  116   0.463491195E-01   0.576148395E+01   0.402795404E+02   0.000000000E+00   0.921250546E+02   0.801727582E+00   0.000000000E+00   0.597689622E+00
  117   0.463491195E-01   0.581115191E+01   0.410074782E+02   0.000000000E+00   0.926626269E+02   0.807103305E+00   0.000000000E+00   0.590410243E+00
  118   0.463491195E-01   0.586081988E+01   0.417402509E+02   0.000000000E+00   0.931935900E+02   0.812412936E+00   0.000000000E+00   0.583082517E+00
  119   0.463491195E-01   0.591048784E+01   0.424777982E+02   0.000000000E+00   0.937179004E+02   0.817656041E+00   0.000000000E+00   0.575707043E+00
  120   0.463491195E-01   0.596015581E+01   0.432200599E+02   0.000000000E+00   0.942355153E+02   0.822832189E+00   0.000000000E+00   0.568284426E+00
  121   0.463491195E-01   0.600982377E+01   0.439669751E+02   0.000000000E+00   0.947463921E+02   0.827940957E+00   0.000000000E+00   0.560815274E+00
  122   0.463491195E-01   0.605949174E+01   0.447184828E+02   0.000000000E+00   0.952504891E+02   0.832981928E+00   0.000000000E+00   0.553300197E+00
  123   0.463491195E-01   0.610915970E+01   0.454745213E+02   0.000000000E+00   0.957477650E+02   0.837954687E+00   0.000000000E+00   0.545739813E+00
  124   0.463491195E-01   0.615882767E+01   0.462350287E+02   0.000000000E+00   0.962381791E+02   0.842858828E+00   0.000000000E+00   0.538134738E+00
  125   0.463491195E-01   0.620849563E+01   0.469999428E+02   0.000000000E+00   0.967216913E+02   0.847693949E+00   0.000000000E+00   0.530485597E+00
  126   0.463491195E-01   0.625816360E+01   0.477692009E+02   0.000000000E+00   0.971982618E+02   0.852459654E+00   0.000000000E+00   0.522793016E+00
  127   0.463491195E-01   0.630783156E+01   0.485427400E+02   0.000000000E+00   0.976678517E+02   0.857155554E+00   0.000000000E+00   0.515057625E+00
  128   0.463491195E-01   0.635749953E+01   0.493204969E+02   0.000000000E+00   0.981304226E+02   0.861781263E+00   0.000000000E+00   0.507280056E+00
  129   0.463491195E-01   0.640716749E+01   0.501024077E+02   0.000000000E+00   0.985859366E+02   0.866336402E+00   0.000000000E+00   0.499460948E+00
  130   0.463491195E-01   0.645683546E+01   0.508884085E+02   0.000000000E+00   0.990343563E+02   0.870820599E+00   0.000000000E+00   0.491600940E+00
  131   0.463491195E-01   0.650650343E+01   0.516784350E+02   0.000000000E+00   0.994756451E+02   0.875233487E+00   0.000000000E+00   0.483700675E+00
  132   0.463491195E-01   0.655617139E+01   0.524724223E+02   0.000000000E+00   0.999097667E+02   0.879574704E+00   0.000000000E+00   0.475760802E+00
  133   0.463491195E-01   0.660583936E+01   0.532703056E+02   0.000000000E+00   0.100336686E+03   0.883843894E+00   0.000000000E+00   0.467781970E+00
  134   0.463491195E-01   0.665550732E+01   0.540720194E+02   0.000000000E+00   0.100756367E+03   0.888040708E+00   0.000000000E+00   0.459764832E+00
  135   0.463491195E-01   0.670517529E+01   0.548774981E+02   0.000000000E+00   0.101168777E+03   0.892164803E+00   0.000000000E+00   0.451710044E+00
  136   0.463491195E-01   0.675484325E+01   0.556866757E+02   0.000000000E+00   0.101573880E+03   0.896215840E+00   0.000000000E+00   0.443618268E+00
  137   0.463491195E-01   0.680451122E+01   0.564994861E+02   0.000000000E+00   0.101971645E+03   0.900193489E+00   0.000000000E+00   0.435490164E+00
  138   0.463491195E-01   0.685417918E+01   0.573158626E+02   0.000000000E+00   0.102362039E+03   0.904097422E+00   0.000000000E+00   0.427326399E+00
  139   0.463491195E-01   0.690384715E+01   0.581357383E+02   0.000000000E+00   0.102745028E+03   0.907927321E+00   0.000000000E+00   0.419127642E+00
  140   0.463491195E-01   0.695351511E+01   0.589590463E+02   0.000000000E+00   0.103120584E+03   0.911682872E+00   0.000000000E+00   0.410894563E+00
  141   0.463491195E-01   0.700318308E+01   0.597857189E+02   0.000000000E+00   0.103488673E+03   0.915363767E+00   0.000000000E+00   0.402627836E+00
  142   0.463491195E-01   0.705285104E+01   0.606156885E+02   0.000000000E+00   0.103849267E+03   0.918969705E+00   0.000000000E+00   0.394328140E+00
  143   0.463491195E-01   0.710251901E+01   0.614488873E+02   0.000000000E+00   0.104202335E+03   0.922500390E+00   0.000000000E+00   0.385996152E+00
  144   0.463491195E-01   0.715218697E+01   0.622852468E+02   0.000000000E+00   0.104547850E+03   0.925955535E+00   0.000000000E+00   0.377632557E+00
  145   0.463491195E-01   0.720185494E+01   0.631246987E+02   0.000000000E+00   0.104885782E+03   0.929334854E+00   0.000000000E+00   0.369238038E+00
  146   0.463491195E-01   0.725152290E+01   0.639671743E+02   0.000000000E+00   0.105216104E+03   0.932638073E+00   0.000000000E+00   0.360813283E+00
  147   0.463491195E-01   0.730119087E+01   0.648126044E+02   0.000000000E+00   0.105538788E+03   0.935864920E+00   0.000000000E+00   0.352358981E+00
  148   0.463491195E-01   0.735085883E+01   0.656609199E+02   0.000000000E+00   0.105853809E+03   0.939015131E+00   0.000000000E+00   0.343875826E+00
  149   0.463491195E-01   0.740052680E+01   0.665120514E+02   0.000000000E+00   0.106161141E+03   0.942088448E+00   0.000000000E+00   0.335364512E+00
  150   0.463491195E-01   0.745019476E+01   0.673659290E+02   0.000000000E+00   0.106460758E+03   0.945084620E+00   0.000000000E+00   0.326825735E+00
  151   0.463491195E-01   0.749986273E+01   0.682224830E+02   0.000000000E+00   0.106752636E+03   0.948003401E+00   0.000000000E+00   0.318260195E+00
  152   0.463491195E-01   0.754953069E+01   0.690816431E+02   0.000000000E+00   0.107036752E+03   0.950844552E+00   0.000000000E+00   0.309668594E+00
  153   0.463491195E-01   0.759919866E+01   0.699433391E+02   0.000000000E+00   0.107313080E+03   0.953607840E+00   0.000000000E+00   0.301051634E+00
  154   0.463491195E-01   0.764886662E+01   0.708075003E+02   0.000000000E+00   0.107581600E+03   0.956293040E+00   0.000000000E+00   0.292410023E+00
  155   0.463491195E-01   0.769853459E+01   0.716740559E+02   0.000000000E+00   0.107842290E+03   0.958899931E+00   0.000000000E+00   0.283744466E+00
  156   0.463491195E-01   0.774820255E+01   0.725429351E+02   0.000000000E+00   0.108095126E+03   0.961428300E+00   0.000000000E+00   0.275055674E+00
  157   0.463491195E-01   0.779787052E+01   0.734140667E+02   0.000000000E+00   0.108340090E+03   0.963877940E+00   0.000000000E+00   0.266344358E+00
  158   0.463491195E-01   0.784753848E+01   0.742873793E+02   0.000000000E+00   0.108577161E+03   0.966248650E+00   0.000000000E+00   0.257611233E+00
  159   0.463491195E-01   0.789720645E+01   0.751628014E+02   0.000000000E+00   0.108806320E+03   0.968540236E+00   0.000000000E+00   0.248857012E+00
  160   0.463491195E-01   0.794687441E+01   0.760402613E+02   0.000000000E+00   0.109027547E+03   0.970752510E+00   0.000000000E+00   0.240082412E+00
  161   0.463491195E-01   0.799654238E+01   0.769196872E+02   0.000000000E+00   0.109240826E+03   0.972885291E+00   0.000000000E+00   0.231288153E+00
  162   0.463491195E-01   0.804621034E+01   0.778010071E+02   0.000000000E+00   0.109446137E+03   0.974938406E+00   0.000000000E+00   0.222474954E+00
  163   0.463491195E-01   0.809587831E+01   0.786841488E+02   0.000000000E+00   0.109643465E+03   0.976911684E+00   0.000000000E+00   0.213643537E+00
  164   0.463491195E-01   0.814554627E+01   0.795690400E+02   0.000000000E+00   0.109832793E+03   0.978804966E+00   0.000000000E+00   0.204794625E+00
  165   0.463491195E-01   0.819521424E+01   0.804556082E+02   0.000000000E+00   0.110014106E+03   0.980618095E+00   0.000000000E+00   0.195928944E+00
  166   0.463491195E-01   0.824488220E+01   0.813437808E+02   0.000000000E+00   0.110187389E+03   0.982350924E+00   0.000000000E+00   0.187047218E+00
  167   0.463491195E-01   0.829455017E+01   0.822334851E+02   0.000000000E+00   0.110352627E+03   0.984003311E+00   0.000000000E+00   0.178150175E+00
  168   0.463491195E-01   0.834421813E+01   0.831246482E+02   0.000000000E+00   0.110509808E+03   0.985575119E+00   0.000000000E+00   0.169238543E+00
  169   0.463491195E-01   0.839388610E+01   0.840171972E+02   0.000000000E+00   0.110658918E+03   0.987066221E+00   0.000000000E+00   0.160313054E+00
  170   0.463491195E-01   0.844355406E+01   0.849110589E+02   0.000000000E+00   0.110799946E+03   0.988476494E+00   0.000000000E+00   0.151374436E+00
  171   0.463491195E-01   0.849322203E+01   0.858061602E+02   0.000000000E+00   0.110932879E+03   0.989805824E+00   0.000000000E+00   0.142423423E+00
  172   0.463491195E-01   0.854288999E+01   0.867024278E+02   0.000000000E+00   0.111057706E+03   0.991054100E+00   0.000000000E+00   0.133460747E+00
  173   0.463491195E-01   0.859255796E+01   0.875997883E+02   0.000000000E+00   0.111174418E+03   0.992221221E+00   0.000000000E+00   0.124487143E+00
  174   0.463491195E-01   0.864222592E+01   0.884981678E+02   0.000000000E+00   0.111283008E+03   0.993306219E+00   0.000000000E+00   0.115510849E+00
  175   0.463491195E-01   0.869189389E+01   0.893974921E+02   0.000000000E+00   0.111383474E+03   0.994309265E+00   0.000000000E+00   0.106532085E+00
  176   0.463491195E-01   0.874156185E+01   0.902976869E+02   0.000000000E+00   0.111475815E+03   0.995230181E+00   0.000000000E+00   0.975545334E-01
  177   0.463491195E-01   0.879122982E+01   0.911986778E+02   0.000000000E+00   0.111560035E+03   0.996068557E+00   0.000000000E+00   0.885857153E-01
  178   0.463491195E-01   0.884089778E+01   0.921003898E+02   0.000000000E+00   0.111636147E+03   0.996823871E+00   0.000000000E+00   0.796377386E-01
  179   0.463491195E-01   0.889056575E+01   0.930027475E+02   0.000000000E+00   0.111704179E+03   0.997495477E+00   0.000000000E+00   0.707302928E-01
  180   0.463491195E-01   0.894023371E+01   0.939056748E+02   0.000000000E+00   0.111764180E+03   0.998082641E+00   0.000000000E+00   0.618954135E-01
  181   0.463491195E-01   0.898990168E+01   0.948090949E+02   0.000000000E+00   0.111816237E+03   0.998584691E+00   0.000000000E+00   0.531847287E-01
  182   0.463491195E-01   0.903956964E+01   0.957129307E+02   0.000000000E+00   0.111860497E+03   0.999001368E+00   0.000000000E+00   0.446795979E-01
  183   0.463491195E-01   0.908923761E+01   0.966171053E+02   0.000000000E+00   0.111897198E+03   0.999333539E+00   0.000000000E+00   0.365031087E-01
  184   0.463491195E-01   0.913890557E+01   0.975215432E+02   0.000000000E+00   0.111926713E+03   0.999584356E+00   0.000000000E+00   0.288290801E-01
  185   0.463491195E-01   0.918857354E+01   0.984261737E+02   0.000000000E+00   0.111949592E+03   0.999760674E+00   0.000000000E+00   0.218768061E-01
  186   0.463491195E-01   0.923824150E+01   0.993309342E+02   0.000000000E+00   0.111966594E+03   0.999873964E+00   0.000000000E+00   0.158762810E-01
  187   0.463491195E-01   0.928790947E+01   0.100235774E+03   0.000000000E+00   0.111978667E+03   0.999939492E+00   0.000000000E+00   0.110005387E-01
  188   0.463491195E-01   0.933757743E+01   0.101140658E+03   0.000000000E+00   0.111986859E+03   0.999973389E+00   0.000000000E+00   0.729529128E-02
  189   0.463491195E-01   0.938724540E+01   0.102045564E+03   0.000000000E+00   0.111992193E+03   0.999989152E+00   0.000000000E+00   0.465782627E-02
  190   0.463491195E-01   0.943691336E+01   0.102950479E+03   0.000000000E+00   0.111995549E+03   0.999995843E+00   0.000000000E+00   0.288343015E-02
  191   0.463491195E-01   0.948658133E+01   0.103855399E+03   0.000000000E+00   0.111997602E+03   0.999998485E+00   0.000000000E+00   0.174063629E-02
  192   0.463491195E-01   0.953624929E+01   0.104760319E+03   0.000000000E+00   0.111998828E+03   0.999999473E+00   0.000000000E+00   0.102702739E-02
  193   0.463491195E-01   0.958591726E+01   0.105665241E+03   0.000000000E+00   0.111999544E+03   0.999999826E+00   0.000000000E+00   0.590483956E-03
  194   0.463491195E-01   0.963558522E+01   0.106570162E+03   0.000000000E+00   0.111999949E+03   0.999999947E+00   0.000000000E+00   0.326903224E-03
  195   0.463491195E-01   0.968525319E+01   0.107475084E+03   0.000000000E+00   0.112000167E+03   0.999999986E+00   0.000000000E+00   0.169038715E-03
  196   0.463491195E-01   0.973492116E+01   0.108380005E+03   0.000000000E+00   0.112000274E+03   0.999999997E+00   0.000000000E+00   0.749541718E-04
  197   0.463491195E-01   0.978458912E+01   0.109284927E+03   0.000000000E+00   0.112000314E+03   0.100000000E+01   0.000000000E+00   0.190470774E-04
  198   0.463491195E-01   0.983425709E+01   0.110189849E+03   0.000000000E+00   0.112000315E+03   0.100000000E+01   0.000000000E+00  -0.141154637E-04
  199   0.463491195E-01   0.988392505E+01   0.111094770E+03   0.000000000E+00   0.112000292E+03   0.999999999E+00   0.000000000E+00  -0.337658825E-04
  200   0.463491195E-01   0.993359302E+01   0.111999692E+03   0.000000000E+00   0.112000256E+03   0.999999999E+00   0.000000000E+00  -0.454024419E-04
  RefPartSet_t: btg, btgo, x, y, z, vx, vy, vz=   4.634911951478610E-002
  4.634911954570710E-002   111.999691744788       0.000000000000000E+000
   112.000256183034       0.999999998969309       0.000000000000000E+000
 -4.540244185264210E-005
  RefPartSet_t: env_gr(12-13,nstep)=    9.93359301531143     
   1000.00000435401     
  RefPartSet_t: phasa, Wtmp_out=    9.93884446775524     
   1000.00000302035     
  Hard-edge Quad with fields for SC calculations 
  Hard-edge Quad with fields for SC calculations 
  Hard-edge Quad with fields for SC calculations 
    Task end at  May 31,2023,15:47:32     
